<?xml version="1.0" encoding="UTF-8"?>
<!-- Generated by org.testng.reporters.JUnitReportReporter -->
<testsuite hostname="user" failures="0" tests="2" name="com.nopcommerce.AutomationFrameworkAssignment.Test.CheckOutTest" time="14.497" errors="0" timestamp="2023-06-18T18:40:46 EDT" skipped="0">
  <testcase classname="com.nopcommerce.AutomationFrameworkAssignment.Test.CheckOutTest" name="validateUserRegister" time="3.592"/>
  <system-out/>
  <testcase classname="com.nopcommerce.AutomationFrameworkAssignment.Test.CheckOutTest" name="validateCheckoutProcess" time="10.905"/>
  <system-out/>
</testsuite> <!-- com.nopcommerce.AutomationFrameworkAssignment.Test.CheckOutTest -->
