<?xml version="1.0" encoding="UTF-8"?>
<!-- Generated by org.testng.reporters.JUnitReportReporter -->
<testsuite hostname="user" failures="0" tests="1" name="com.nopcommerce.AutomationFrameworkAssignment.AppTest" time="2.062" errors="0" timestamp="18 Jun. 2023 19:50:37 GMT" skipped="0">
  <testcase classname="com.nopcommerce.AutomationFrameworkAssignment.AppTest" name="Test1" time="2.062"/>
</testsuite> <!-- com.nopcommerce.AutomationFrameworkAssignment.AppTest -->
